Unity/Library/Bee/Android/Prj/Mono2x/Gradle/unityLibrary/build/intermediates/manifest_merge_blame_file/release/manifest-merger-blame-release-report.txt
1<?xml version="1.0" encoding="utf-8"?>
2<manifest xmlns:android="http://schemas.android.com/apk/res/android"
3    xmlns:tools="http://schemas.android.com/tools"
4    package="com.unity3d.player"
5    android:versionCode="1"
6    android:versionName="0.1" >
7
8    <uses-sdk
9        android:minSdkVersion="22"
9-->src\main\AndroidManifest.xml
10        android:targetSdkVersion="30" />
10-->src\main\AndroidManifest.xml
11
12    <uses-feature android:glEsVersion="0x00020000" />
12-->src\main\AndroidManifest.xml:17:3-52
12-->src\main\AndroidManifest.xml:17:17-49
13    <uses-feature
13-->src\main\AndroidManifest.xml:18:3-88
14        android:name="android.hardware.touchscreen"
14-->src\main\AndroidManifest.xml:18:17-60
15        android:required="false" />
15-->src\main\AndroidManifest.xml:18:61-85
16    <uses-feature
16-->src\main\AndroidManifest.xml:19:3-99
17        android:name="android.hardware.touchscreen.multitouch"
17-->src\main\AndroidManifest.xml:19:17-71
18        android:required="false" />
18-->src\main\AndroidManifest.xml:19:72-96
19    <uses-feature
19-->src\main\AndroidManifest.xml:20:3-108
20        android:name="android.hardware.touchscreen.multitouch.distinct"
20-->src\main\AndroidManifest.xml:20:17-80
21        android:required="false" />
21-->src\main\AndroidManifest.xml:20:81-105
22
23    <application
23-->src\main\AndroidManifest.xml:3:3-16:17
24        android:extractNativeLibs="true"
24-->src\main\AndroidManifest.xml:3:16-48
25        android:isGame="true" >
25-->src\main\AndroidManifest.xml:3:49-70
26        <activity
26-->src\main\AndroidManifest.xml:4:5-11:16
27            android:name="com.unity3d.player.UnityPlayerActivity"
27-->src\main\AndroidManifest.xml:4:15-68
28            android:configChanges="mcc|mnc|locale|touchscreen|keyboard|keyboardHidden|navigation|orientation|screenLayout|uiMode|screenSize|smallestScreenSize|fontScale|layoutDirection|density"
28-->src\main\AndroidManifest.xml:4:181-362
29            android:hardwareAccelerated="false"
29-->src\main\AndroidManifest.xml:4:398-433
30            android:launchMode="singleTask"
30-->src\main\AndroidManifest.xml:4:149-180
31            android:resizeableActivity="false"
31-->src\main\AndroidManifest.xml:4:363-397
32            android:screenOrientation="landscape"
32-->src\main\AndroidManifest.xml:4:111-148
33            android:theme="@style/UnityThemeSelector" >
33-->src\main\AndroidManifest.xml:4:69-110
34            <intent-filter>
34-->src\main\AndroidManifest.xml:5:7-9:23
35                <action android:name="android.intent.action.MAIN" />
35-->src\main\AndroidManifest.xml:6:9-61
35-->src\main\AndroidManifest.xml:6:17-58
36
37                <category android:name="android.intent.category.LAUNCHER" />
37-->src\main\AndroidManifest.xml:7:9-69
37-->src\main\AndroidManifest.xml:7:19-66
38                <category android:name="android.intent.category.LEANBACK_LAUNCHER" />
38-->src\main\AndroidManifest.xml:8:9-78
38-->src\main\AndroidManifest.xml:8:19-75
39            </intent-filter>
40
41            <meta-data
41-->src\main\AndroidManifest.xml:10:7-82
42                android:name="unityplayer.UnityActivity"
42-->src\main\AndroidManifest.xml:10:18-58
43                android:value="true" />
43-->src\main\AndroidManifest.xml:10:59-79
44        </activity>
45
46        <meta-data
46-->src\main\AndroidManifest.xml:12:5-69
47            android:name="unity.splash-mode"
47-->src\main\AndroidManifest.xml:12:16-48
48            android:value="0" />
48-->src\main\AndroidManifest.xml:12:49-66
49        <meta-data
49-->src\main\AndroidManifest.xml:13:5-74
50            android:name="unity.splash-enable"
50-->src\main\AndroidManifest.xml:13:16-50
51            android:value="True" />
51-->src\main\AndroidManifest.xml:13:51-71
52        <meta-data
52-->src\main\AndroidManifest.xml:14:5-78
53            android:name="unity.launch-fullscreen"
53-->src\main\AndroidManifest.xml:14:16-54
54            android:value="True" />
54-->src\main\AndroidManifest.xml:14:55-75
55        <meta-data
55-->src\main\AndroidManifest.xml:15:5-84
56            android:name="unity.allow-resizable-window"
56-->src\main\AndroidManifest.xml:15:16-59
57            android:value="False" />
57-->src\main\AndroidManifest.xml:15:60-81
58    </application>
59
60</manifest>